<?xml version="1.0" encoding="UTF-8"?>
<testsuite xmlns:xsi="http://www.w3.org/2001/XMLSchema-instance" xsi:noNamespaceSchemaLocation="https://maven.apache.org/surefire/maven-surefire-plugin/xsd/surefire-test-report-3.0.xsd" version="3.0" name="DataframeTest" time="0.103" tests="19" errors="0" skipped="0" failures="0">
  <properties>
    <property name="java.specification.version" value="21"/>
    <property name="sun.jnu.encoding" value="UTF-8"/>
    <property name="java.class.path" value="/home/c/combegae/Documents/Semestre8/DevOps/Projet/ProjetDevOps/target/test-classes:/home/c/combegae/Documents/Semestre8/DevOps/Projet/ProjetDevOps/target/classes:/home/c/combegae/.m2/repository/org/junit/jupiter/junit-jupiter-engine/5.9.1/junit-jupiter-engine-5.9.1.jar:/home/c/combegae/.m2/repository/org/junit/platform/junit-platform-engine/1.9.1/junit-platform-engine-1.9.1.jar:/home/c/combegae/.m2/repository/org/opentest4j/opentest4j/1.2.0/opentest4j-1.2.0.jar:/home/c/combegae/.m2/repository/org/junit/platform/junit-platform-commons/1.9.1/junit-platform-commons-1.9.1.jar:/home/c/combegae/.m2/repository/org/junit/jupiter/junit-jupiter-api/5.9.1/junit-jupiter-api-5.9.1.jar:/home/c/combegae/.m2/repository/org/apiguardian/apiguardian-api/1.1.2/apiguardian-api-1.1.2.jar:"/>
    <property name="java.vm.vendor" value="Private Build"/>
    <property name="sun.arch.data.model" value="64"/>
    <property name="java.vendor.url" value="Unknown"/>
    <property name="os.name" value="Linux"/>
    <property name="java.vm.specification.version" value="21"/>
    <property name="sun.java.launcher" value="SUN_STANDARD"/>
    <property name="user.country" value="FR"/>
    <property name="sun.boot.library.path" value="/usr/lib/jvm/java-21-openjdk-amd64/lib"/>
    <property name="sun.java.command" value="/home/c/combegae/Documents/Semestre8/DevOps/Projet/ProjetDevOps/target/surefire/surefirebooter-20240417103900467_3.jar /home/c/combegae/Documents/Semestre8/DevOps/Projet/ProjetDevOps/target/surefire 2024-04-17T10-39-00_091-jvmRun1 surefire-20240417103900467_1tmp surefire_0-20240417103900467_2tmp"/>
    <property name="jdk.debug" value="release"/>
    <property name="surefire.test.class.path" value="/home/c/combegae/Documents/Semestre8/DevOps/Projet/ProjetDevOps/target/test-classes:/home/c/combegae/Documents/Semestre8/DevOps/Projet/ProjetDevOps/target/classes:/home/c/combegae/.m2/repository/org/junit/jupiter/junit-jupiter-engine/5.9.1/junit-jupiter-engine-5.9.1.jar:/home/c/combegae/.m2/repository/org/junit/platform/junit-platform-engine/1.9.1/junit-platform-engine-1.9.1.jar:/home/c/combegae/.m2/repository/org/opentest4j/opentest4j/1.2.0/opentest4j-1.2.0.jar:/home/c/combegae/.m2/repository/org/junit/platform/junit-platform-commons/1.9.1/junit-platform-commons-1.9.1.jar:/home/c/combegae/.m2/repository/org/junit/jupiter/junit-jupiter-api/5.9.1/junit-jupiter-api-5.9.1.jar:/home/c/combegae/.m2/repository/org/apiguardian/apiguardian-api/1.1.2/apiguardian-api-1.1.2.jar:"/>
    <property name="sun.cpu.endian" value="little"/>
    <property name="user.home" value="/home/c/combegae"/>
    <property name="user.language" value="fr"/>
    <property name="java.specification.vendor" value="Oracle Corporation"/>
    <property name="java.version.date" value="2024-01-16"/>
    <property name="java.home" value="/usr/lib/jvm/java-21-openjdk-amd64"/>
    <property name="file.separator" value="/"/>
    <property name="basedir" value="/home/c/combegae/Documents/Semestre8/DevOps/Projet/ProjetDevOps"/>
    <property name="java.vm.compressedOopsMode" value="32-bit"/>
    <property name="line.separator" value="&#10;"/>
    <property name="java.specification.name" value="Java Platform API Specification"/>
    <property name="java.vm.specification.vendor" value="Oracle Corporation"/>
    <property name="surefire.real.class.path" value="/home/c/combegae/Documents/Semestre8/DevOps/Projet/ProjetDevOps/target/surefire/surefirebooter-20240417103900467_3.jar"/>
    <property name="sun.management.compiler" value="HotSpot 64-Bit Tiered Compilers"/>
    <property name="java.runtime.version" value="21.0.2+13-Ubuntu-122.04.1"/>
    <property name="user.name" value="combegae"/>
    <property name="stdout.encoding" value="UTF-8"/>
    <property name="path.separator" value=":"/>
    <property name="os.version" value="6.5.0-27-generic"/>
    <property name="java.runtime.name" value="OpenJDK Runtime Environment"/>
    <property name="file.encoding" value="UTF-8"/>
    <property name="java.vm.name" value="OpenJDK 64-Bit Server VM"/>
    <property name="localRepository" value="/home/c/combegae/.m2/repository"/>
    <property name="java.vendor.url.bug" value="Unknown"/>
    <property name="java.io.tmpdir" value="/tmp"/>
    <property name="java.version" value="21.0.2"/>
    <property name="user.dir" value="/home/c/combegae/Documents/Semestre8/DevOps/Projet/ProjetDevOps"/>
    <property name="os.arch" value="amd64"/>
    <property name="java.vm.specification.name" value="Java Virtual Machine Specification"/>
    <property name="native.encoding" value="UTF-8"/>
    <property name="java.library.path" value="/usr/java/packages/lib:/usr/lib/x86_64-linux-gnu/jni:/lib/x86_64-linux-gnu:/usr/lib/x86_64-linux-gnu:/usr/lib/jni:/lib:/usr/lib"/>
    <property name="java.vm.info" value="mixed mode, sharing"/>
    <property name="stderr.encoding" value="UTF-8"/>
    <property name="java.vendor" value="Private Build"/>
    <property name="java.vm.version" value="21.0.2+13-Ubuntu-122.04.1"/>
    <property name="sun.io.unicode.encoding" value="UnicodeLittle"/>
    <property name="java.class.version" value="65.0"/>
  </properties>
  <testcase name="testDisplayline0" classname="DataframeTest" time="0.045"/>
  <testcase name="testDisplayline1" classname="DataframeTest" time="0.004"/>
  <testcase name="testDisplayline5" classname="DataframeTest" time="0.004"/>
  <testcase name="testfichierVide" classname="DataframeTest" time="0.003"/>
  <testcase name="testDisplayHeader" classname="DataframeTest" time="0.002"/>
  <testcase name="testDisplaylinenullValue3" classname="DataframeTest" time="0.002"/>
  <testcase name="whenExceptionThrown_thenAssertionSucceeds" classname="DataframeTest" time="0.003"/>
  <testcase name="testfichier2Types" classname="DataframeTest" time="0.002"/>
  <testcase name="testfichier3types" classname="DataframeTest" time="0.002"/>
  <testcase name="testDisplayDataVide" classname="DataframeTest" time="0.001"/>
  <testcase name="testColVide" classname="DataframeTest" time="0"/>
  <testcase name="testnamesizePlusPetitVide" classname="DataframeTest" time="0.001"/>
  <testcase name="testDisplay" classname="DataframeTest" time="0.004"/>
  <testcase name="constructorTestParCol3Types" classname="DataframeTest" time="0.001"/>
  <testcase name="testfichierNullValue" classname="DataframeTest" time="0.002"/>
  <testcase name="testDisplaylinefileVide" classname="DataframeTest" time="0.001"/>
  <testcase name="constructorTestColElementNull" classname="DataframeTest" time="0"/>
  <testcase name="testDisplayNullValue" classname="DataframeTest" time="0"/>
  <testcase name="testDisplaylinenullValue" classname="DataframeTest" time="0.001"/>
</testsuite>